<?xml version="1.0" encoding="UTF-8"?>
<!-- Generated by org.testng.reporters.JUnitReportReporter -->
<testsuite skipped="0" hostname="DESKTOP-PR1CERD" name="lms.Activity1" tests="1" failures="0" timestamp="2020-07-08T11:04:23 IST" time="0.027" errors="0">
  <testcase name="TestCase1" time="0.027" classname="lms.Activity1"/>
</testsuite> <!-- lms.Activity1 -->
